<?xml version="1.0" encoding="UTF-8"?>
<!-- Generated by org.testng.reporters.JUnitReportReporter -->
<testsuite skipped="0" hostname="LAPTOP-BL99EMON" name="runner.RunTest" tests="2" failures="0" timestamp="02 Jan 2022 11:22:22 GMT" time="29.222" errors="0">
  <testcase name="runScenario" time="24.977" classname="runner.RunTest"/>
  <testcase name="runScenario" time="4.245" classname="runner.RunTest"/>
</testsuite> <!-- runner.RunTest -->
